# JRE version: Java(TM) SE Runtime Environment (8.0_31-b13) (build 1.8.0_31-b13)
# Java VM: Java HotSpot(TM) Client VM (25.31-b07 mixed mode windows-x86 )
Heap:
 def new generation   total 4928K, used 4615K [0x0f200000, 0x0f750000, 0x14750000)
  eden space 4416K,  99% used [0x0f200000, 0x0f64e720, 0x0f650000)
  from space 512K,  40% used [0x0f6d0000, 0x0f7035d0, 0x0f750000)
  to   space 512K,   0% used [0x0f650000, 0x0f650000, 0x0f6d0000)
 tenured generation   total 10944K, used 7173K [0x14750000, 0x15200000, 0x1f200000)
   the space 10944K,  65% used [0x14750000, 0x14e514e0, 0x14e51600, 0x15200000)
 Metaspace       used 6207K, capacity 6331K, committed 6400K, reserved 6528K
GC Heap History (6 events):
Event: 0.190 GC heap before
{Heap before GC invocations=0 (full 0):
 def new generation   total 4928K, used 3145K [0x0f200000, 0x0f750000, 0x14750000)
  eden space 4416K,  71% used [0x0f200000, 0x0f5124c0, 0x0f650000)
  from space 512K,   0% used [0x0f650000, 0x0f650000, 0x0f6d0000)
  to   space 512K,   0% used [0x0f6d0000, 0x0f6d0000, 0x0f750000)
 tenured generation   total 10944K, used 0K [0x14750000, 0x15200000, 0x1f200000)
   the space 10944K,   0% used [0x14750000, 0x14750000, 0x14750200, 0x15200000)
 Metaspace       used 5108K, capacity 5241K, committed 5248K, reserved 5504K
Event: 0.194 GC heap after
Heap after GC invocations=1 (full 0):
 def new generation   total 4928K, used 512K [0x0f200000, 0x0f750000, 0x14750000)
  eden space 4416K,   0% used [0x0f200000, 0x0f200000, 0x0f650000)
  from space 512K, 100% used [0x0f6d0000, 0x0f750000, 0x0f750000)
  to   space 512K,   0% used [0x0f650000, 0x0f650000, 0x0f6d0000)
 tenured generation   total 10944K, used 688K [0x14750000, 0x15200000, 0x1f200000)
   the space 10944K,   6% used [0x14750000, 0x147fc3e8, 0x147fc400, 0x15200000)
 Metaspace       used 5108K, capacity 5241K, committed 5248K, reserved 5504K
}
Event: 0.205 GC heap before
{Heap before GC invocations=1 (full 0):
 def new generation   total 4928K, used 4928K [0x0f200000, 0x0f750000, 0x14750000)
  eden space 4416K, 100% used [0x0f200000, 0x0f650000, 0x0f650000)
  from space 512K, 100% used [0x0f6d0000, 0x0f750000, 0x0f750000)
  to   space 512K,   0% used [0x0f650000, 0x0f650000, 0x0f6d0000)
 tenured generation   total 10944K, used 688K [0x14750000, 0x15200000, 0x1f200000)
   the space 10944K,   6% used [0x14750000, 0x147fc3e8, 0x147fc400, 0x15200000)
 Metaspace       used 5308K, capacity 5435K, committed 5504K, reserved 5504K
Event: 0.208 GC heap after
Heap after GC invocations=2 (full 0):
 def new generation   total 4928K, used 41K [0x0f200000, 0x0f750000, 0x14750000)
  eden space 4416K,   0% used [0x0f200000, 0x0f200000, 0x0f650000)
  from space 512K,   8% used [0x0f650000, 0x0f65a5a0, 0x0f6d0000)
  to   space 512K,   0% used [0x0f6d0000, 0x0f6d0000, 0x0f750000)
 tenured generation   total 10944K, used 5298K [0x14750000, 0x15200000, 0x1f200000)
   the space 10944K,  48% used [0x14750000, 0x14c7c8d0, 0x14c7ca00, 0x15200000)
 Metaspace       used 5308K, capacity 5435K, committed 5504K, reserved 5504K
}
Event: 0.404 GC heap before
{Heap before GC invocations=2 (full 0):
 def new generation   total 4928K, used 4457K [0x0f200000, 0x0f750000, 0x14750000)
  eden space 4416K, 100% used [0x0f200000, 0x0f650000, 0x0f650000)
  from space 512K,   8% used [0x0f650000, 0x0f65a5a0, 0x0f6d0000)
  to   space 512K,   0% used [0x0f6d0000, 0x0f6d0000, 0x0f750000)
 tenured generation   total 10944K, used 5298K [0x14750000, 0x15200000, 0x1f200000)
   the space 10944K,  48% used [0x14750000, 0x14c7c8d0, 0x14c7ca00, 0x15200000)
 Metaspace       used 6113K, capacity 6235K, committed 6272K, reserved 6528K
Event: 0.407 GC heap after
Heap after GC invocations=3 (full 0):
 def new generation   total 4928K, used 205K [0x0f200000, 0x0f750000, 0x14750000)
  eden space 4416K,   0% used [0x0f200000, 0x0f200000, 0x0f650000)
  from space 512K,  40% used [0x0f6d0000, 0x0f7035d0, 0x0f750000)
  to   space 512K,   0% used [0x0f650000, 0x0f650000, 0x0f6d0000)
 tenured generation   total 10944K, used 7173K [0x14750000, 0x15200000, 0x1f200000)
   the space 10944K,  65% used [0x14750000, 0x14e514e0, 0x14e51600, 0x15200000)
 Metaspace       used 6113K, capacity 6235K, committed 6272K, reserved 6528K
}

